This is LuaHBTeX, Version 1.16.0 (MiKTeX 23.1) (format=lualatex 2023.2.8)  9 FEB 2023 14:00
 restricted system commands enabled.
 file:line:error style messages enabled.
**"c:/Users/harry/OneDrive - Imperial College London/Imperial/Advanced Topics f
or Partial Differential Equations/Advanced-PDE-Notes/Week 5"

("c:/Users/harry/OneDrive - Imperial College London/Imperial/Advanced Topics fo
r Partial Differential Equations/Advanced-PDE-Notes/Week 5.tex"
LaTeX2e <2022-11-01> patch level 1
Lua module: luaotfload 2022-10-03 3.23 Lua based OpenType font support
Lua module: lualibs 2022-10-04 2.75 ConTeXt Lua standard libraries.
Lua module: lualibs-extended 2022-10-04 2.75 ConTeXt Lua libraries -- extended c
ollection.
luaotfload | conf : Root cache directory is "C:/Users/harry/AppData/Local/MiKTeX
/luatex-cache/generic/names".
luaotfload | init : Loading fontloader "fontloader-2022-10-03.lua" from kpse-res
olved path "C:/Users/harry/AppData/Local/Programs/MiKTeX/tex/luatex/luaotfload/f
ontloader-2022-10-03.lua".
Lua-only attribute luaotfload@noligature = 1
luaotfload | init : Context OpenType loader version 3.120
Inserting `luaotfload.node_processor' in `pre_linebreak_filter'.
Inserting `luaotfload.node_processor' in `hpack_filter'.
Inserting `luaotfload.glyph_stream' in `glyph_stream_provider'.
Inserting `luaotfload.define_font' in `define_font'.
Lua-only attribute luaotfload_color_attribute = 2
luaotfload | conf : Root cache directory is "C:/Users/harry/AppData/Local/MiKTeX
/luatex-cache/generic/names".
Inserting `luaotfload.harf.strip_prefix' in `find_opentype_file'.
Inserting `luaotfload.harf.strip_prefix' in `find_truetype_file'.
Removing  `luaotfload.glyph_stream' from `glyph_stream_provider'.
Inserting `luaotfload.harf.glyphstream' in `glyph_stream_provider'.
Inserting `luaotfload.harf.finalize_vlist' in `post_linebreak_filter'.
Inserting `luaotfload.harf.finalize_hlist' in `hpack_filter'.
Inserting `luaotfload.cleanup_files' in `wrapup_run'.
Inserting `luaotfload.harf.finalize_unicode' in `finish_pdffile'.
Inserting `luaotfload.glyphinfo' in `glyph_info'.
Lua-only attribute luaotfload.letterspace_done = 3
Inserting `luaotfload.aux.set_sscale_dimens' in `luaotfload.patch_font'.
Inserting `luaotfload.aux.set_font_index' in `luaotfload.patch_font'.
Inserting `luaotfload.aux.patch_cambria_domh' in `luaotfload.patch_font'.
Inserting `luaotfload.aux.fixup_fontdata' in `luaotfload.patch_font_unsafe'.
Inserting `luaotfload.aux.set_capheight' in `luaotfload.patch_font'.
Inserting `luaotfload.aux.set_xheight' in `luaotfload.patch_font'.
Inserting `luaotfload.rewrite_fontname' in `luaotfload.patch_font'. L3 programm
ing layer <2023-02-02>
Inserting `tracingstacklevels' in `input_level_string'.
(C:/Users/harry/AppData/Local/Programs/MiKTeX/tex/latex/base/report.cls
Document Class: report 2022/07/02 v1.4n Standard LaTeX document class
(C:/Users/harry/AppData/Local/Programs/MiKTeX/tex/latex/base/size10.clo
File: size10.clo 2022/07/02 v1.4n Standard LaTeX file (size option)
luaotfload | db : Font names database loaded from C:/Users/harry/AppData/Local/M
iKTeX/luatex-cache/generic/names/luaotfload-names.luc.gz)
\c@part=\count183
\c@chapter=\count184
\c@section=\count185
\c@subsection=\count186
\c@subsubsection=\count187
\c@paragraph=\count188
\c@subparagraph=\count189
\c@figure=\count190
\c@table=\count191
\abovecaptionskip=\skip48
\belowcaptionskip=\skip49
\bibindent=\dimen139
)
(./preamble.tex
(C:/Users/harry/AppData/Local/Programs/MiKTeX/tex/latex/geometry/geometry.sty
Package: geometry 2020/01/02 v5.9 Page Geometry

(C:/Users/harry/AppData/Local/Programs/MiKTeX/tex/latex/graphics/keyval.sty
Package: keyval 2022/05/29 v1.15 key=value parser (DPC)
\KV@toks@=\toks16
)
(C:/Users/harry/AppData/Local/Programs/MiKTeX/tex/generic/iftex/ifvtex.sty
Package: ifvtex 2019/10/25 v1.7 ifvtex legacy package. Use iftex instead.

(C:/Users/harry/AppData/Local/Programs/MiKTeX/tex/generic/iftex/iftex.sty
Package: iftex 2022/02/03 v1.0f TeX engine tests
))
\Gm@cnth=\count192
\Gm@cntv=\count193
\c@Gm@tempcnt=\count194
\Gm@bindingoffset=\dimen140
\Gm@wd@mp=\dimen141
\Gm@odd@mp=\dimen142
\Gm@even@mp=\dimen143
\Gm@layoutwidth=\dimen144
\Gm@layoutheight=\dimen145
\Gm@layouthoffset=\dimen146
\Gm@layoutvoffset=\dimen147
\Gm@dimlist=\toks17

(C:/Users/harry/AppData/Local/Programs/MiKTeX/tex/latex/geometry/geometry.cfg)) (C:/Users/harry/AppData/Local/Programs/MiKTeX/tex/latex/amsmath/amsmath.sty
Package: amsmath 2022/04/08 v2.17n AMS math features
\@mathmargin=\skip50

For additional information on amsmath, use the `?' option.
(C:/Users/harry/AppData/Local/Programs/MiKTeX/tex/latex/amsmath/amstext.sty
Package: amstext 2021/08/26 v2.01 AMS text

(C:/Users/harry/AppData/Local/Programs/MiKTeX/tex/latex/amsmath/amsgen.sty
File: amsgen.sty 1999/11/30 v2.0 generic functions
\@emptytoks=\toks18
\ex@=\dimen148
))
(C:/Users/harry/AppData/Local/Programs/MiKTeX/tex/latex/amsmath/amsbsy.sty
Package: amsbsy 1999/11/29 v1.2d Bold Symbols
\pmbraise@=\dimen149
)
(C:/Users/harry/AppData/Local/Programs/MiKTeX/tex/latex/amsmath/amsopn.sty
Package: amsopn 2022/04/08 v2.04 operator names
)
\inf@bad=\count195
LaTeX Info: Redefining \frac on input line 236.
\uproot@=\count196
\leftroot@=\count197
LaTeX Info: Redefining \overline on input line 399.
LaTeX Info: Redefining \colon on input line 410.
\classnum@=\count198
\DOTSCASE@=\count199
LaTeX Info: Redefining \ldots on input line 496.
LaTeX Info: Redefining \dots on input line 499.
LaTeX Info: Redefining \cdots on input line 620.
\Mathstrutbox@=\box51
\strutbox@=\box52
LaTeX Info: Redefining \big on input line 722.
LaTeX Info: Redefining \Big on input line 723.
LaTeX Info: Redefining \bigg on input line 724.
LaTeX Info: Redefining \Bigg on input line 725.
\big@size=\dimen150
LaTeX Font Info:    Redeclaring font encoding OML on input line 743.
LaTeX Font Info:    Redeclaring font encoding OMS on input line 744.
\macc@depth=\count266
LaTeX Info: Redefining \bmod on input line 905.
LaTeX Info: Redefining \pmod on input line 910.
LaTeX Info: Redefining \smash on input line 940.
LaTeX Info: Redefining \relbar on input line 970.
LaTeX Info: Redefining \Relbar on input line 971.
\c@MaxMatrixCols=\count267
\dotsspace@=\muskip16
\c@parentequation=\count268
\dspbrk@lvl=\count269
\tag@help=\toks19
\row@=\count270
\column@=\count271
\maxfields@=\count272
\andhelp@=\toks20
\eqnshift@=\dimen151
\alignsep@=\dimen152
\tagshift@=\dimen153
\tagwidth@=\dimen154
\totwidth@=\dimen155
\lineht@=\dimen156
\@envbody=\toks21
\multlinegap=\skip51
\multlinetaggap=\skip52
\mathdisplay@stack=\toks22
LaTeX Info: Redefining \[ on input line 2953.
LaTeX Info: Redefining \] on input line 2954.
)
(C:/Users/harry/AppData/Local/Programs/MiKTeX/tex/latex/amsfonts/amsfonts.sty
Package: amsfonts 2013/01/14 v3.01 Basic AMSFonts support
\symAMSa=\mathgroup4
\symAMSb=\mathgroup5
LaTeX Font Info:    Redeclaring math symbol \hbar on input line 98.
LaTeX Font Info:    Overwriting math alphabet `\mathfrak' in version `bold'
(Font)                  U/euf/m/n --> U/euf/b/n on input line 106.
)
(C:/Users/harry/AppData/Local/Programs/MiKTeX/tex/latex/amscls/amsthm.sty
Package: amsthm 2020/05/29 v2.20.6
\thm@style=\toks23
\thm@bodyfont=\toks24
\thm@headfont=\toks25
\thm@notefont=\toks26
\thm@headpunct=\toks27
\thm@preskip=\skip53
\thm@postskip=\skip54
\thm@headsep=\skip55
\dth@everypar=\toks28
)
(C:/Users/harry/AppData/Local/Programs/MiKTeX/tex/latex/amsfonts/amssymb.sty
Package: amssymb 2013/01/14 v3.01 AMS font symbols
)
(C:/Users/harry/AppData/Local/Programs/MiKTeX/tex/latex/mathtools/mathtools.sty
Package: mathtools 2022/06/29 v1.29 mathematical typesetting tools
(C:/Users/harry/AppData/Local/Programs/MiKTeX/tex/latex/tools/calc.sty
Package: calc 2017/05/25 v4.3 Infix arithmetic (KKT,FJ)
\calc@Acount=\count273
\calc@Bcount=\count274
\calc@Adimen=\dimen157
\calc@Bdimen=\dimen158
\calc@Askip=\skip56
\calc@Bskip=\skip57
LaTeX Info: Redefining \setlength on input line 80.
LaTeX Info: Redefining \addtolength on input line 81.
\calc@Ccount=\count275
\calc@Cskip=\skip58
)
(C:/Users/harry/AppData/Local/Programs/MiKTeX/tex/latex/mathtools/mhsetup.sty
Package: mhsetup 2021/03/18 v1.4 programming setup (MH)
)
\g_MT_multlinerow_int=\count276
\l_MT_multwidth_dim=\dimen159
\origjot=\skip59
\l_MT_shortvdotswithinadjustabove_dim=\dimen160
\l_MT_shortvdotswithinadjustbelow_dim=\dimen161
\l_MT_above_intertext_sep=\dimen162
\l_MT_below_intertext_sep=\dimen163
\l_MT_above_shortintertext_sep=\dimen164
\l_MT_below_shortintertext_sep=\dimen165
\xmathstrut@box=\box53
\xmathstrut@dim=\dimen166
) (C:/Users/harry/AppData/Local/Programs/MiKTeX/tex/latex/newpx/newpxmath.sty
Package: newpxmath 2021/12/04 v1.5

`newpxmath' v1.5, 2021/12/04 Math macros based on pxfonts (msharpe)
(C:/Users/harry/AppData/Local/Programs/MiKTeX/tex/latex/etoolbox/etoolbox.sty
Package: etoolbox 2020/10/05 v2.5k e-TeX tools for LaTeX (JAW)
\etb@tempcnta=\count277
)
(C:/Users/harry/AppData/Local/Programs/MiKTeX/tex/generic/binhex/binhex.tex)
(C:/Users/harry/AppData/Local/Programs/MiKTeX/tex/latex/xkeyval/xkeyval.sty
Package: xkeyval 2022/06/16 v2.9 package option processing (HA)

(C:/Users/harry/AppData/Local/Programs/MiKTeX/tex/generic/xkeyval/xkeyval.tex
(C:/Users/harry/AppData/Local/Programs/MiKTeX/tex/generic/xkeyval/xkvutils.tex
\XKV@toks=\toks29
\XKV@tempa@toks=\toks30
)
\XKV@depth=\count278
File: xkeyval.tex 2014/12/03 v2.7a key=value parser (HA)
))
(C:/Users/harry/AppData/Local/Programs/MiKTeX/tex/latex/oberdiek/centernot.sty
Package: centernot 2016/05/16 v1.4 Centers the not symbol horizontally (HO)
)
\px@tA=\toks31
\px@tB=\toks32
\px@su=\read2
\px@Isdigit=\count279
LaTeX Font Info:    Redeclaring symbol font `operators' on input line 211.
LaTeX Font Info:    Overwriting symbol font `operators' in version `normal'
(Font)                  OT1/cmr/m/n --> OT1/lmr/m/n on input line 211.
LaTeX Font Info:    Overwriting symbol font `operators' in version `bold'
(Font)                  OT1/cmr/bx/n --> OT1/lmr/m/n on input line 211.
LaTeX Font Info:    Overwriting symbol font `operators' in version `bold'
(Font)                  OT1/lmr/m/n --> OT1/lmr/b/n on input line 212.
LaTeX Font Info:    Redeclaring math alphabet \mathsf on input line 215.
LaTeX Font Info:    Overwriting math alphabet `\mathsf' in version `normal'
(Font)                  OT1/cmss/m/n --> TU/lmss/m/n on input line 215.
LaTeX Font Info:    Overwriting math alphabet `\mathsf' in version `bold'
(Font)                  OT1/cmss/bx/n --> TU/lmss/m/n on input line 215.
LaTeX Font Info:    Redeclaring math alphabet \mathit on input line 216.
LaTeX Font Info:    Overwriting math alphabet `\mathit' in version `normal'
(Font)                  OT1/cmr/m/it --> OT1/lmr/m/it on input line 216.
LaTeX Font Info:    Overwriting math alphabet `\mathit' in version `bold'
(Font)                  OT1/cmr/bx/it --> OT1/lmr/m/it on input line 216.
LaTeX Font Info:    Redeclaring math alphabet \mathtt on input line 217.
LaTeX Font Info:    Overwriting math alphabet `\mathtt' in version `normal'
(Font)                  OT1/cmtt/m/n --> TU/lmtt/m/n on input line 217.
LaTeX Font Info:    Overwriting math alphabet `\mathtt' in version `bold'
(Font)                  OT1/cmtt/m/n --> TU/lmtt/m/n on input line 217.
LaTeX Font Info:    Redeclaring math alphabet \mathbf on input line 219.
LaTeX Font Info:    Overwriting math alphabet `\mathbf' in version `normal'
(Font)                  OT1/cmr/bx/n --> OT1/lmr/b/n on input line 219.
LaTeX Font Info:    Overwriting math alphabet `\mathbf' in version `bold'
(Font)                  OT1/cmr/bx/n --> OT1/lmr/b/n on input line 219.
LaTeX Font Info:    Overwriting math alphabet `\mathit' in version `bold'
(Font)                  OT1/lmr/m/it --> OT1/lmr/b/it on input line 220.
LaTeX Font Info:    Overwriting math alphabet `\mathsf' in version `bold'
(Font)                  TU/lmss/m/n --> TU/lmss/b/n on input line 222.
LaTeX Font Info:    Overwriting math alphabet `\mathtt' in version `bold'
(Font)                  TU/lmtt/m/n --> TU/lmtt/b/n on input line 223.
LaTeX Font Info:    Redeclaring symbol font `letters' on input line 234.
LaTeX Font Info:    Overwriting symbol font `letters' in version `normal'
(Font)                  OML/cmm/m/it --> OML/npxmi/m/it on input line 234.
LaTeX Font Info:    Overwriting symbol font `letters' in version `bold'
(Font)                  OML/cmm/b/it --> OML/npxmi/m/it on input line 234.
LaTeX Font Info:    Overwriting symbol font `letters' in version `bold'
(Font)                  OML/npxmi/m/it --> OML/npxmi/b/it on input line 235.
\symlettersA=\mathgroup6
LaTeX Font Info:    Overwriting symbol font `lettersA' in version `bold'
(Font)                  U/npxmia/m/it --> U/npxmia/b/it on input line 253.
LaTeX Font Info:    Redeclaring math alphabet \mathfrak on input line 255.
LaTeX Font Info:    Redeclaring symbol font `symbols' on input line 263.
LaTeX Font Info:    Encoding `OMS' has changed to `LMS' for symbol font
(Font)              `symbols' in the math version `normal' on input line 263.
LaTeX Font Info:    Overwriting symbol font `symbols' in version `normal'
(Font)                  OMS/cmsy/m/n --> LMS/npxsy/m/n on input line 263.
LaTeX Font Info:    Encoding `OMS' has changed to `LMS' for symbol font
(Font)              `symbols' in the math version `bold' on input line 263.
LaTeX Font Info:    Overwriting symbol font `symbols' in version `bold'
(Font)                  OMS/cmsy/b/n --> LMS/npxsy/m/n on input line 263.
LaTeX Font Info:    Overwriting symbol font `symbols' in version `bold'
(Font)                  LMS/npxsy/m/n --> LMS/npxsy/b/n on input line 264.
\symAMSm=\mathgroup7
LaTeX Font Info:    Overwriting symbol font `AMSm' in version `bold'
(Font)                  U/npxsym/m/n --> U/npxsym/b/n on input line 284.
\symsymbolsC=\mathgroup8
LaTeX Font Info:    Overwriting symbol font `symbolsC' in version `bold'
(Font)                  U/npxsyc/m/n --> U/npxsyc/b/n on input line 306.
LaTeX Font Info:    Redeclaring symbol font `largesymbols' on input line 326.
LaTeX Font Info:    Encoding `OMX' has changed to `LMX' for symbol font
(Font)              `largesymbols' in the math version `normal' on input line 3
26.
LaTeX Font Info:    Overwriting symbol font `largesymbols' in version `normal'
(Font)                  OMX/cmex/m/n --> LMX/npxexx/m/n on input line 326.
LaTeX Font Info:    Encoding `OMX' has changed to `LMX' for symbol font
(Font)              `largesymbols' in the math version `bold' on input line 326
.
LaTeX Font Info:    Overwriting symbol font `largesymbols' in version `bold'
(Font)                  OMX/cmex/m/n --> LMX/npxexx/m/n on input line 326.
LaTeX Font Info:    Overwriting symbol font `largesymbols' in version `bold'
(Font)                  LMX/npxexx/m/n --> LMX/npxexx/b/n on input line 327.
\symlargesymbolsPXA=\mathgroup9
LaTeX Font Info:    Overwriting symbol font `largesymbolsPXA' in version `bold'

(Font)                  U/npxexa/m/n --> U/npxexa/b/n on input line 334.
\px@cntz=\count280
\px@IsAlNum=\count281
\px@sbptoks=\toks33
LaTeX Font Info:    Redeclaring math delimiter \lfloor on input line 489.
LaTeX Font Info:    Redeclaring math delimiter \rfloor on input line 490.
LaTeX Font Info:    Redeclaring math delimiter \lceil on input line 491.
LaTeX Font Info:    Redeclaring math delimiter \rceil on input line 492.
LaTeX Font Info:    Redeclaring math delimiter \lbrace on input line 493.
LaTeX Font Info:    Redeclaring math delimiter \rbrace on input line 494.
LaTeX Font Info:    Redeclaring math delimiter \langle on input line 495.
LaTeX Font Info:    Redeclaring math delimiter \rangle on input line 497.
LaTeX Font Info:    Redeclaring math delimiter \arrowvert on input line 501.
LaTeX Font Info:    Redeclaring math delimiter \vert on input line 502.
LaTeX Font Info:    Redeclaring math symbol \parallel on input line 503.
LaTeX Font Info:    Redeclaring math delimiter \Arrowvert on input line 504.
LaTeX Font Info:    Redeclaring math accent \grave on input line 544.
LaTeX Font Info:    Redeclaring math accent \acute on input line 545.
LaTeX Font Info:    Redeclaring math accent \hat on input line 546.
LaTeX Font Info:    Redeclaring math accent \tilde on input line 547.
LaTeX Font Info:    Redeclaring math accent \bar on input line 548.
LaTeX Font Info:    Redeclaring math accent \breve on input line 549.
LaTeX Font Info:    Redeclaring math accent \mathring on input line 550.
LaTeX Font Info:    Redeclaring math accent \check on input line 551.
LaTeX Font Info:    Redeclaring math accent \dot on input line 555.
LaTeX Font Info:    Redeclaring math accent \ddot on input line 556.
LaTeX Font Info:    Redeclaring math accent \vec on input line 1598.
LaTeX Info: Redefining \Bbbk on input line 2175.
LaTeX Info: Redefining \not on input line 2457.
LaTeX Info: Redefining \textsquare on input line 2472.
LaTeX Info: Redefining \openbox on input line 2474.
)
(C:/Users/harry/AppData/Local/Programs/MiKTeX/tex/latex/l3packages/xfrac/xfrac.
sty (C:/Users/harry/AppData/Local/Programs/MiKTeX/tex/latex/l3kernel/expl3.sty
Package: expl3 2023-02-02 L3 programming layer (loader) 

(C:/Users/harry/AppData/Local/Programs/MiKTeX/tex/latex/l3backend/l3backend-lua
tex.def
File: l3backend-luatex.def 2023-01-16 L3 backend support: PDF output (LuaTeX)
\l__color_backend_stack_int=\count282
\l__pdf_internal_box=\box54
))
(C:/Users/harry/AppData/Local/Programs/MiKTeX/tex/latex/graphics/graphicx.sty
Package: graphicx 2021/09/16 v1.2d Enhanced LaTeX Graphics (DPC,SPQR)

(C:/Users/harry/AppData/Local/Programs/MiKTeX/tex/latex/graphics/graphics.sty
Package: graphics 2022/03/10 v1.4e Standard LaTeX Graphics (DPC,SPQR)

(C:/Users/harry/AppData/Local/Programs/MiKTeX/tex/latex/graphics/trig.sty
Package: trig 2021/08/11 v1.11 sin cos tan (DPC)
)
(C:/Users/harry/AppData/Local/Programs/MiKTeX/tex/latex/graphics-cfg/graphics.c
fg
File: graphics.cfg 2016/06/04 v1.11 sample graphics configuration
)
Package graphics Info: Driver file: luatex.def on input line 107.

(C:/Users/harry/AppData/Local/Programs/MiKTeX/tex/latex/graphics-def/luatex.def
File: luatex.def 2022/09/22 v1.2d Graphics/color driver for luatex
))
\Gin@req@height=\dimen167
\Gin@req@width=\dimen168
)
(C:/Users/harry/AppData/Local/Programs/MiKTeX/tex/latex/l3packages/l3keys2e/l3k
eys2e.sty
Package: l3keys2e 2023-01-16 LaTeX2e option processing using LaTeX3 keys
)
(C:/Users/harry/AppData/Local/Programs/MiKTeX/tex/latex/base/textcomp.sty
Package: textcomp 2020/02/02 v2.0n Standard LaTeX package
)
(C:/Users/harry/AppData/Local/Programs/MiKTeX/tex/latex/l3packages/xparse/xpars
e.sty
Package: xparse 2023-01-16 L3 Experimental document command parser
)
(C:/Users/harry/AppData/Local/Programs/MiKTeX/tex/latex/l3packages/xtemplate/xt
emplate.sty
Package: xtemplate 2023-01-16 L3 Experimental prototype document functions
\l__xtemplate_tmp_dim=\dimen169
\l__xtemplate_tmp_int=\count283
\l__xtemplate_tmp_muskip=\muskip17
\l__xtemplate_tmp_skip=\skip60
)
Package: xfrac 2023-01-16 L3 Experimental split-level fractions
\l__xfrac_slash_box=\box55
\l__xfrac_tmp_box=\box56
\l__xfrac_denominator_bot_sep_dim=\dimen170
\l__xfrac_numerator_bot_sep_dim=\dimen171
\l__xfrac_numerator_top_sep_dim=\dimen172
\l__xfrac_slash_left_sep_dim=\dimen173
\l__xfrac_slash_right_sep_dim=\dimen174
\l__xfrac_slash_left_muskip=\muskip18
\l__xfrac_slash_right_muskip=\muskip19

Package xtemplate Info: Declaring object type 'xfrac' taking 3 argument(s) on
(xtemplate)             line 80.

)
(C:/Users/harry/AppData/Local/Programs/MiKTeX/tex/latex/cancel/cancel.sty
Package: cancel 2013/04/12 v2.2 Cancel math terms
)
(C:/Users/harry/AppData/Local/Programs/MiKTeX/tex/latex/bookmark/bookmark.sty
Package: bookmark 2020-11-06 v1.29 PDF bookmarks (HO)

(C:/Users/harry/AppData/Local/Programs/MiKTeX/tex/latex/hyperref/hyperref.sty
Package: hyperref 2022-11-13 v7.00u Hypertext links for LaTeX

(C:/Users/harry/AppData/Local/Programs/MiKTeX/tex/generic/ltxcmds/ltxcmds.sty
Package: ltxcmds 2020-05-10 v1.25 LaTeX kernel commands for general use (HO)
)
(C:/Users/harry/AppData/Local/Programs/MiKTeX/tex/generic/pdftexcmds/pdftexcmds
.sty
Package: pdftexcmds 2020-06-27 v0.33 Utility functions of pdfTeX for LuaTeX (HO
)

(C:/Users/harry/AppData/Local/Programs/MiKTeX/tex/generic/infwarerr/infwarerr.s
ty
Package: infwarerr 2019/12/03 v1.5 Providing info/warning/error messages (HO)
)
Package pdftexcmds Info: \pdf@primitive is available.
Package pdftexcmds Info: \pdf@ifprimitive is available.
Package pdftexcmds Info: \pdfdraftmode found.
\pdftexcmds@toks=\toks34
)
(C:/Users/harry/AppData/Local/Programs/MiKTeX/tex/latex/kvsetkeys/kvsetkeys.sty
Package: kvsetkeys 2022-10-05 v1.19 Key value parser (HO)
)
(C:/Users/harry/AppData/Local/Programs/MiKTeX/tex/generic/kvdefinekeys/kvdefine
keys.sty
Package: kvdefinekeys 2019-12-19 v1.6 Define keys (HO)
)
(C:/Users/harry/AppData/Local/Programs/MiKTeX/tex/generic/pdfescape/pdfescape.s
ty
Package: pdfescape 2019/12/09 v1.15 Implements pdfTeX's escape features (HO)
) (C:/Users/harry/AppData/Local/Programs/MiKTeX/tex/latex/hycolor/hycolor.sty
Package: hycolor 2020-01-27 v1.10 Color options for hyperref/bookmark (HO)
)
(C:/Users/harry/AppData/Local/Programs/MiKTeX/tex/latex/letltxmacro/letltxmacro
.sty
Package: letltxmacro 2019/12/03 v1.6 Let assignment for LaTeX macros (HO)
)
(C:/Users/harry/AppData/Local/Programs/MiKTeX/tex/latex/auxhook/auxhook.sty
Package: auxhook 2019-12-17 v1.6 Hooks for auxiliary files (HO)
)
(C:/Users/harry/AppData/Local/Programs/MiKTeX/tex/latex/hyperref/nameref.sty
Package: nameref 2022-05-17 v2.50 Cross-referencing by name of section

(C:/Users/harry/AppData/Local/Programs/MiKTeX/tex/latex/refcount/refcount.sty
Package: refcount 2019/12/15 v3.6 Data extraction from label references (HO)
)
(C:/Users/harry/AppData/Local/Programs/MiKTeX/tex/generic/gettitlestring/gettit
lestring.sty
Package: gettitlestring 2019/12/15 v1.6 Cleanup title references (HO)

(C:/Users/harry/AppData/Local/Programs/MiKTeX/tex/latex/kvoptions/kvoptions.sty
Package: kvoptions 2022-06-15 v3.15 Key value format for package options (HO)
))
\c@section@level=\count284
)
\@linkdim=\dimen175
\Hy@linkcounter=\count285
\Hy@pagecounter=\count286
 (C:/Users/harry/AppData/Local/Programs/MiKTeX/tex/latex/hyperref/pd1enc.def
File: pd1enc.def 2022-11-13 v7.00u Hyperref: PDFDocEncoding definition (HO)
) (C:/Users/harry/AppData/Local/Programs/MiKTeX/tex/generic/intcalc/intcalc.sty
Package: intcalc 2019/12/15 v1.3 Expandable calculations with integers (HO)
)
(C:/Users/harry/AppData/Local/Programs/MiKTeX/tex/generic/etexcmds/etexcmds.sty
Package: etexcmds 2019/12/15 v1.7 Avoid name clashes with e-TeX commands (HO)
)
\Hy@SavedSpaceFactor=\count287
 (C:/Users/harry/AppData/Local/Programs/MiKTeX/tex/latex/hyperref/puenc.def
File: puenc.def 2022-11-13 v7.00u Hyperref: PDF Unicode definition (HO)
)
Package hyperref Info: Hyper figures OFF on input line 4162.
Package hyperref Info: Link nesting OFF on input line 4167.
Package hyperref Info: Hyper index ON on input line 4170.
Package hyperref Info: Plain pages OFF on input line 4177.
Package hyperref Info: Backreferencing OFF on input line 4182.
Package hyperref Info: Implicit mode ON; LaTeX internals redefined.
Package hyperref Info: Bookmarks ON on input line 4410.
\c@Hy@tempcnt=\count288

(C:/Users/harry/AppData/Local/Programs/MiKTeX/tex/latex/url/url.sty
\Urlmuskip=\muskip20
Package: url 2013/09/16  ver 3.4  Verb mode for urls, etc.
)
LaTeX Info: Redefining \url on input line 4748.
\XeTeXLinkMargin=\dimen176

(C:/Users/harry/AppData/Local/Programs/MiKTeX/tex/generic/bitset/bitset.sty
Package: bitset 2019/12/09 v1.3 Handle bit-vector datatype (HO)

(C:/Users/harry/AppData/Local/Programs/MiKTeX/tex/generic/bigintcalc/bigintcalc
.sty
Package: bigintcalc 2019/12/15 v1.5 Expandable calculations on big integers (HO
)
))
\Fld@menulength=\count289
\Field@Width=\dimen177
\Fld@charsize=\dimen178
Package hyperref Info: Hyper figures OFF on input line 6027.
Package hyperref Info: Link nesting OFF on input line 6032.
Package hyperref Info: Hyper index ON on input line 6035.
Package hyperref Info: backreferencing OFF on input line 6042.
Package hyperref Info: Link coloring OFF on input line 6047.
Package hyperref Info: Link coloring with OCG OFF on input line 6052.
Package hyperref Info: PDF/A mode OFF on input line 6057.

(C:/Users/harry/AppData/Local/Programs/MiKTeX/tex/latex/base/atbegshi-ltx.sty
Package: atbegshi-ltx 2021/01/10 v1.0c Emulation of the original atbegshi
package with kernel methods
)
\Hy@abspage=\count290
\c@Item=\count291
\c@Hfootnote=\count292
)
Package hyperref Info: Driver (autodetected): hluatex.
(C:/Users/harry/AppData/Local/Programs/MiKTeX/tex/latex/hyperref/hluatex.def
File: hluatex.def 2022-11-13 v7.00u Hyperref driver for luaTeX

(C:/Users/harry/AppData/Local/Programs/MiKTeX/tex/generic/stringenc/stringenc.s
ty
Package: stringenc 2019/11/29 v1.12 Convert strings between diff. encodings (HO
)
)
(C:/Users/harry/AppData/Local/Programs/MiKTeX/tex/latex/base/atveryend-ltx.sty
Package: atveryend-ltx 2020/08/19 v1.0a Emulation of the original atveryend pac
kage
with kernel methods
)
\Fld@listcount=\count293
\c@bookmark@seq@number=\count294

(C:/Users/harry/AppData/Local/Programs/MiKTeX/tex/latex/rerunfilecheck/rerunfil
echeck.sty
Package: rerunfilecheck 2022-07-10 v1.10 Rerun checks for auxiliary files (HO)

(C:/Users/harry/AppData/Local/Programs/MiKTeX/tex/generic/uniquecounter/uniquec
ounter.sty
Package: uniquecounter 2019/12/15 v1.4 Provide unlimited unique counter (HO)
)
Package uniquecounter Info: New unique counter `rerunfilecheck' on input line 2
85.
)
\Hy@SectionHShift=\skip61
)
(C:/Users/harry/AppData/Local/Programs/MiKTeX/tex/latex/bookmark/bkm-pdftex.def
File: bkm-pdftex.def 2020-11-06 v1.29 bookmark driver for pdfTeX (HO)
\BKM@id=\count295
))
(C:/Users/harry/AppData/Local/Programs/MiKTeX/tex/latex/enumitem/enumitem.sty
Package: enumitem 2019/06/20 v3.9 Customized lists
\labelindent=\skip62
\enit@outerparindent=\dimen179
\enit@toks=\toks35
\enit@inbox=\box57
\enit@count@id=\count296
\enitdp@description=\count297
)
(C:/Users/harry/AppData/Local/Programs/MiKTeX/tex/latex/theoremref/theoremref.s
ty
Package: theoremref 2013/05/22 References with automatic theorem names
\thmref@num=\count298
)
Package hyperref Info: Option `colorlinks' set `true' on input line 20.
Package hyperref Info: Option `bookmarksnumbered' set `true' on input line 20.
Package hyperref Info: Option `bookmarksopen' set `true' on input line 20.

(C:/Users/harry/AppData/Local/Programs/MiKTeX/tex/latex/tcolorbox/tcolorbox.sty
Package: tcolorbox 2022/06/24 version 5.1.1 text color boxes
(C:/Users/harry/AppData/Local/Programs/MiKTeX/tex/latex/pgf/basiclayer/pgf.sty
(C:/Users/harry/AppData/Local/Programs/MiKTeX/tex/latex/pgf/utilities/pgfrcs.st
y
(C:/Users/harry/AppData/Local/Programs/MiKTeX/tex/generic/pgf/utilities/pgfutil
-common.tex
\pgfutil@everybye=\toks36
\pgfutil@tempdima=\dimen180
\pgfutil@tempdimb=\dimen181
)
(C:/Users/harry/AppData/Local/Programs/MiKTeX/tex/generic/pgf/utilities/pgfutil
-latex.def
\pgfutil@abb=\box58
)
(C:/Users/harry/AppData/Local/Programs/MiKTeX/tex/generic/pgf/utilities/pgfrcs.
code.tex
(C:/Users/harry/AppData/Local/Programs/MiKTeX/tex/generic/pgf/pgf.revision.tex)
Package: pgfrcs 2023-01-15 v3.1.10 (3.1.10)
))
Package: pgf 2023-01-15 v3.1.10 (3.1.10)

(C:/Users/harry/AppData/Local/Programs/MiKTeX/tex/latex/pgf/basiclayer/pgfcore.
sty
(C:/Users/harry/AppData/Local/Programs/MiKTeX/tex/latex/pgf/systemlayer/pgfsys.
sty
(C:/Users/harry/AppData/Local/Programs/MiKTeX/tex/generic/pgf/systemlayer/pgfsy
s.code.tex
Package: pgfsys 2023-01-15 v3.1.10 (3.1.10)

(C:/Users/harry/AppData/Local/Programs/MiKTeX/tex/generic/pgf/utilities/pgfkeys
.code.tex
\pgfkeys@pathtoks=\toks37
\pgfkeys@temptoks=\toks38

(C:/Users/harry/AppData/Local/Programs/MiKTeX/tex/generic/pgf/utilities/pgfkeys
libraryfiltered.code.tex
\pgfkeys@tmptoks=\toks39
))
\pgf@x=\dimen182
\pgf@y=\dimen183
\pgf@xa=\dimen184
\pgf@ya=\dimen185
\pgf@xb=\dimen186
\pgf@yb=\dimen187
\pgf@xc=\dimen188
\pgf@yc=\dimen189
\pgf@xd=\dimen190
\pgf@yd=\dimen191
\w@pgf@writea=\write3
\r@pgf@reada=\read3
\c@pgf@counta=\count299
\c@pgf@countb=\count300
\c@pgf@countc=\count301
\c@pgf@countd=\count302
\t@pgf@toka=\toks40
\t@pgf@tokb=\toks41
\t@pgf@tokc=\toks42
\pgf@sys@id@count=\count303

(C:/Users/harry/AppData/Local/Programs/MiKTeX/tex/generic/pgf/systemlayer/pgf.c
fg
File: pgf.cfg 2023-01-15 v3.1.10 (3.1.10)
)
Driver file for pgf: pgfsys-luatex.def

(C:/Users/harry/AppData/Local/Programs/MiKTeX/tex/generic/pgf/systemlayer/pgfsy
s-luatex.def
File: pgfsys-luatex.def 2023-01-15 v3.1.10 (3.1.10)

(C:/Users/harry/AppData/Local/Programs/MiKTeX/tex/generic/pgf/systemlayer/pgfsy
s-common-pdf.def
File: pgfsys-common-pdf.def 2023-01-15 v3.1.10 (3.1.10)
)))
(C:/Users/harry/AppData/Local/Programs/MiKTeX/tex/generic/pgf/systemlayer/pgfsy
ssoftpath.code.tex
File: pgfsyssoftpath.code.tex 2023-01-15 v3.1.10 (3.1.10)
\pgfsyssoftpath@smallbuffer@items=\count304
\pgfsyssoftpath@bigbuffer@items=\count305
)
(C:/Users/harry/AppData/Local/Programs/MiKTeX/tex/generic/pgf/systemlayer/pgfsy
sprotocol.code.tex
File: pgfsysprotocol.code.tex 2023-01-15 v3.1.10 (3.1.10)
))
(C:/Users/harry/AppData/Local/Programs/MiKTeX/tex/latex/xcolor/xcolor.sty
Package: xcolor 2022/06/12 v2.14 LaTeX color extensions (UK)

(C:/Users/harry/AppData/Local/Programs/MiKTeX/tex/latex/graphics-cfg/color.cfg
File: color.cfg 2016/01/02 v1.6 sample color configuration
)
Package xcolor Info: Driver file: luatex.def on input line 227.
(C:/Users/harry/AppData/Local/Programs/MiKTeX/tex/latex/graphics/mathcolor.ltx)
Package xcolor Info: Model `cmy' substituted by `cmy0' on input line 1353.
Package xcolor Info: Model `hsb' substituted by `rgb' on input line 1357.
Package xcolor Info: Model `RGB' extended on input line 1369.
Package xcolor Info: Model `HTML' substituted by `rgb' on input line 1371.
Package xcolor Info: Model `Hsb' substituted by `hsb' on input line 1372.
Package xcolor Info: Model `tHsb' substituted by `hsb' on input line 1373.
Package xcolor Info: Model `HSB' substituted by `hsb' on input line 1374.
Package xcolor Info: Model `Gray' substituted by `gray' on input line 1375.
Package xcolor Info: Model `wave' substituted by `hsb' on input line 1376.
)
(C:/Users/harry/AppData/Local/Programs/MiKTeX/tex/generic/pgf/basiclayer/pgfcor
e.code.tex
Package: pgfcore 2023-01-15 v3.1.10 (3.1.10)

(C:/Users/harry/AppData/Local/Programs/MiKTeX/tex/generic/pgf/math/pgfmath.code
.tex
(C:/Users/harry/AppData/Local/Programs/MiKTeX/tex/generic/pgf/math/pgfmathutil.
code.tex)
(C:/Users/harry/AppData/Local/Programs/MiKTeX/tex/generic/pgf/math/pgfmathparse
r.code.tex
\pgfmath@dimen=\dimen192
\pgfmath@count=\count306
\pgfmath@box=\box59
\pgfmath@toks=\toks43
\pgfmath@stack@operand=\toks44
\pgfmath@stack@operation=\toks45
)
(C:/Users/harry/AppData/Local/Programs/MiKTeX/tex/generic/pgf/math/pgfmathfunct
ions.code.tex)
(C:/Users/harry/AppData/Local/Programs/MiKTeX/tex/generic/pgf/math/pgfmathfunct
ions.basic.code.tex)
(C:/Users/harry/AppData/Local/Programs/MiKTeX/tex/generic/pgf/math/pgfmathfunct
ions.trigonometric.code.tex)
(C:/Users/harry/AppData/Local/Programs/MiKTeX/tex/generic/pgf/math/pgfmathfunct
ions.random.code.tex)
(C:/Users/harry/AppData/Local/Programs/MiKTeX/tex/generic/pgf/math/pgfmathfunct
ions.comparison.code.tex)
(C:/Users/harry/AppData/Local/Programs/MiKTeX/tex/generic/pgf/math/pgfmathfunct
ions.base.code.tex)
(C:/Users/harry/AppData/Local/Programs/MiKTeX/tex/generic/pgf/math/pgfmathfunct
ions.round.code.tex)
(C:/Users/harry/AppData/Local/Programs/MiKTeX/tex/generic/pgf/math/pgfmathfunct
ions.misc.code.tex)
(C:/Users/harry/AppData/Local/Programs/MiKTeX/tex/generic/pgf/math/pgfmathfunct
ions.integerarithmetics.code.tex)
(C:/Users/harry/AppData/Local/Programs/MiKTeX/tex/generic/pgf/math/pgfmathcalc.
code.tex)
(C:/Users/harry/AppData/Local/Programs/MiKTeX/tex/generic/pgf/math/pgfmathfloat
.code.tex
\c@pgfmathroundto@lastzeros=\count307
))
(C:/Users/harry/AppData/Local/Programs/MiKTeX/tex/generic/pgf/math/pgfint.code.
tex)
(C:/Users/harry/AppData/Local/Programs/MiKTeX/tex/generic/pgf/basiclayer/pgfcor
epoints.code.tex
File: pgfcorepoints.code.tex 2023-01-15 v3.1.10 (3.1.10)
\pgf@picminx=\dimen193
\pgf@picmaxx=\dimen194
\pgf@picminy=\dimen195
\pgf@picmaxy=\dimen196
\pgf@pathminx=\dimen197
\pgf@pathmaxx=\dimen198
\pgf@pathminy=\dimen199
\pgf@pathmaxy=\dimen256
\pgf@xx=\dimen257
\pgf@xy=\dimen258
\pgf@yx=\dimen259
\pgf@yy=\dimen260
\pgf@zx=\dimen261
\pgf@zy=\dimen262
)
(C:/Users/harry/AppData/Local/Programs/MiKTeX/tex/generic/pgf/basiclayer/pgfcor
epathconstruct.code.tex
File: pgfcorepathconstruct.code.tex 2023-01-15 v3.1.10 (3.1.10)
\pgf@path@lastx=\dimen263
\pgf@path@lasty=\dimen264
)
(C:/Users/harry/AppData/Local/Programs/MiKTeX/tex/generic/pgf/basiclayer/pgfcor
epathusage.code.tex
File: pgfcorepathusage.code.tex 2023-01-15 v3.1.10 (3.1.10)
\pgf@shorten@end@additional=\dimen265
\pgf@shorten@start@additional=\dimen266
)
(C:/Users/harry/AppData/Local/Programs/MiKTeX/tex/generic/pgf/basiclayer/pgfcor
escopes.code.tex
File: pgfcorescopes.code.tex 2023-01-15 v3.1.10 (3.1.10)
\pgfpic=\box60
\pgf@hbox=\box61
\pgf@layerbox@main=\box62
\pgf@picture@serial@count=\count308
)
(C:/Users/harry/AppData/Local/Programs/MiKTeX/tex/generic/pgf/basiclayer/pgfcor
egraphicstate.code.tex
File: pgfcoregraphicstate.code.tex 2023-01-15 v3.1.10 (3.1.10)
\pgflinewidth=\dimen267
)
(C:/Users/harry/AppData/Local/Programs/MiKTeX/tex/generic/pgf/basiclayer/pgfcor
etransformations.code.tex
File: pgfcoretransformations.code.tex 2023-01-15 v3.1.10 (3.1.10)
\pgf@pt@x=\dimen268
\pgf@pt@y=\dimen269
\pgf@pt@temp=\dimen270
)
(C:/Users/harry/AppData/Local/Programs/MiKTeX/tex/generic/pgf/basiclayer/pgfcor
equick.code.tex
File: pgfcorequick.code.tex 2023-01-15 v3.1.10 (3.1.10)
)
(C:/Users/harry/AppData/Local/Programs/MiKTeX/tex/generic/pgf/basiclayer/pgfcor
eobjects.code.tex
File: pgfcoreobjects.code.tex 2023-01-15 v3.1.10 (3.1.10)
)
(C:/Users/harry/AppData/Local/Programs/MiKTeX/tex/generic/pgf/basiclayer/pgfcor
epathprocessing.code.tex
File: pgfcorepathprocessing.code.tex 2023-01-15 v3.1.10 (3.1.10)
)
(C:/Users/harry/AppData/Local/Programs/MiKTeX/tex/generic/pgf/basiclayer/pgfcor
earrows.code.tex
File: pgfcorearrows.code.tex 2023-01-15 v3.1.10 (3.1.10)
\pgfarrowsep=\dimen271
)
(C:/Users/harry/AppData/Local/Programs/MiKTeX/tex/generic/pgf/basiclayer/pgfcor
eshade.code.tex
File: pgfcoreshade.code.tex 2023-01-15 v3.1.10 (3.1.10)
\pgf@max=\dimen272
\pgf@sys@shading@range@num=\count309
\pgf@shadingcount=\count310
)
(C:/Users/harry/AppData/Local/Programs/MiKTeX/tex/generic/pgf/basiclayer/pgfcor
eimage.code.tex
File: pgfcoreimage.code.tex 2023-01-15 v3.1.10 (3.1.10)
)
(C:/Users/harry/AppData/Local/Programs/MiKTeX/tex/generic/pgf/basiclayer/pgfcor
eexternal.code.tex
File: pgfcoreexternal.code.tex 2023-01-15 v3.1.10 (3.1.10)
\pgfexternal@startupbox=\box63
)
(C:/Users/harry/AppData/Local/Programs/MiKTeX/tex/generic/pgf/basiclayer/pgfcor
elayers.code.tex
File: pgfcorelayers.code.tex 2023-01-15 v3.1.10 (3.1.10)
)
(C:/Users/harry/AppData/Local/Programs/MiKTeX/tex/generic/pgf/basiclayer/pgfcor
etransparency.code.tex
File: pgfcoretransparency.code.tex 2023-01-15 v3.1.10 (3.1.10)
)
(C:/Users/harry/AppData/Local/Programs/MiKTeX/tex/generic/pgf/basiclayer/pgfcor
epatterns.code.tex
File: pgfcorepatterns.code.tex 2023-01-15 v3.1.10 (3.1.10)
)
(C:/Users/harry/AppData/Local/Programs/MiKTeX/tex/generic/pgf/basiclayer/pgfcor
erdf.code.tex
File: pgfcorerdf.code.tex 2023-01-15 v3.1.10 (3.1.10)
)))
(C:/Users/harry/AppData/Local/Programs/MiKTeX/tex/generic/pgf/modules/pgfmodule
shapes.code.tex
File: pgfmoduleshapes.code.tex 2023-01-15 v3.1.10 (3.1.10)
\pgfnodeparttextbox=\box64
)
(C:/Users/harry/AppData/Local/Programs/MiKTeX/tex/generic/pgf/modules/pgfmodule
plot.code.tex
File: pgfmoduleplot.code.tex 2023-01-15 v3.1.10 (3.1.10)
)
(C:/Users/harry/AppData/Local/Programs/MiKTeX/tex/latex/pgf/compatibility/pgfco
mp-version-0-65.sty
Package: pgfcomp-version-0-65 2023-01-15 v3.1.10 (3.1.10)
\pgf@nodesepstart=\dimen273
\pgf@nodesepend=\dimen274
)
(C:/Users/harry/AppData/Local/Programs/MiKTeX/tex/latex/pgf/compatibility/pgfco
mp-version-1-18.sty
Package: pgfcomp-version-1-18 2023-01-15 v3.1.10 (3.1.10)
))
(C:/Users/harry/AppData/Local/Programs/MiKTeX/tex/latex/tools/verbatim.sty
Package: verbatim 2020-07-07 v1.5u LaTeX2e package for verbatim enhancements
\every@verbatim=\toks46
\verbatim@line=\toks47
\verbatim@in@stream=\read4
)
(C:/Users/harry/AppData/Local/Programs/MiKTeX/tex/latex/environ/environ.sty
Package: environ 2014/05/04 v0.3 A new way to define environments

(C:/Users/harry/AppData/Local/Programs/MiKTeX/tex/latex/trimspaces/trimspaces.s
ty
Package: trimspaces 2009/09/17 v1.1 Trim spaces around a token list
))
\tcb@titlebox=\box65
\tcb@upperbox=\box66
\tcb@lowerbox=\box67
\tcb@phantombox=\box68
\c@tcbbreakpart=\count311
\c@tcblayer=\count312
\c@tcolorbox@number=\count313
\tcb@temp=\box69
\tcb@temp=\box70
\tcb@temp=\box71
\tcb@temp=\box72

(C:/Users/harry/AppData/Local/Programs/MiKTeX/tex/latex/tcolorbox/tcbraster.cod
e.tex
Library (tcolorbox): 'tcbraster.code.tex' version '5.1.1'
\c@tcbrastercolumn=\count314
\c@tcbrasterrow=\count315
\c@tcbrasternum=\count316
\c@tcbraster=\count317
)
(C:/Users/harry/AppData/Local/Programs/MiKTeX/tex/latex/tcolorbox/tcbskins.code
.tex
Library (tcolorbox): 'tcbskins.code.tex' version '5.1.1'

(C:/Users/harry/AppData/Local/Programs/MiKTeX/tex/latex/pgf/frontendlayer/tikz.
sty
(C:/Users/harry/AppData/Local/Programs/MiKTeX/tex/latex/pgf/utilities/pgffor.st
y
(C:/Users/harry/AppData/Local/Programs/MiKTeX/tex/latex/pgf/utilities/pgfkeys.s
ty
(C:/Users/harry/AppData/Local/Programs/MiKTeX/tex/generic/pgf/utilities/pgfkeys
.code.tex))
(C:/Users/harry/AppData/Local/Programs/MiKTeX/tex/latex/pgf/math/pgfmath.sty
(C:/Users/harry/AppData/Local/Programs/MiKTeX/tex/generic/pgf/math/pgfmath.code
.tex))
(C:/Users/harry/AppData/Local/Programs/MiKTeX/tex/generic/pgf/utilities/pgffor.
code.tex
Package: pgffor 2023-01-15 v3.1.10 (3.1.10)
\pgffor@iter=\dimen275
\pgffor@skip=\dimen276
\pgffor@stack=\toks48
\pgffor@toks=\toks49
))
(C:/Users/harry/AppData/Local/Programs/MiKTeX/tex/generic/pgf/frontendlayer/tik
z/tikz.code.tex
Package: tikz 2023-01-15 v3.1.10 (3.1.10)

(C:/Users/harry/AppData/Local/Programs/MiKTeX/tex/generic/pgf/libraries/pgflibr
aryplothandlers.code.tex
File: pgflibraryplothandlers.code.tex 2023-01-15 v3.1.10 (3.1.10)
\pgf@plot@mark@count=\count318
\pgfplotmarksize=\dimen277
)
\tikz@lastx=\dimen278
\tikz@lasty=\dimen279
\tikz@lastxsaved=\dimen280
\tikz@lastysaved=\dimen281
\tikz@lastmovetox=\dimen282
\tikz@lastmovetoy=\dimen283
\tikzleveldistance=\dimen284
\tikzsiblingdistance=\dimen285
\tikz@figbox=\box73
\tikz@figbox@bg=\box74
\tikz@tempbox=\box75
\tikz@tempbox@bg=\box76
\tikztreelevel=\count319
\tikznumberofchildren=\count320
\tikznumberofcurrentchild=\count321
\tikz@fig@count=\count322

(C:/Users/harry/AppData/Local/Programs/MiKTeX/tex/generic/pgf/modules/pgfmodule
matrix.code.tex
File: pgfmodulematrix.code.tex 2023-01-15 v3.1.10 (3.1.10)
\pgfmatrixcurrentrow=\count323
\pgfmatrixcurrentcolumn=\count324
\pgf@matrix@numberofcolumns=\count325
)
\tikz@expandcount=\count326

(C:/Users/harry/AppData/Local/Programs/MiKTeX/tex/generic/pgf/frontendlayer/tik
z/libraries/tikzlibrarytopaths.code.tex
File: tikzlibrarytopaths.code.tex 2023-01-15 v3.1.10 (3.1.10)
)))
\tcb@waterbox=\box77

(C:/Users/harry/AppData/Local/Programs/MiKTeX/tex/latex/tcolorbox/tcbskinsjigsa
w.code.tex
Library (tcolorbox): 'tcbskinsjigsaw.code.tex' version '5.1.1'
))
(C:/Users/harry/AppData/Local/Programs/MiKTeX/tex/latex/tcolorbox/tcbbreakable.
code.tex
Library (tcolorbox): 'tcbbreakable.code.tex' version '5.1.1'
(C:/Users/harry/AppData/Local/Programs/MiKTeX/tex/latex/pdfcol/pdfcol.sty
Package: pdfcol 2022-09-21 v1.7 Handle new color stacks for pdfTeX (HO)
)
Package pdfcol Info: New color stack `tcb@breakable' = 1 on input line 23.
\tcb@testbox=\box78
\tcb@totalupperbox=\box79
\tcb@totallowerbox=\box80

(C:/Users/harry/AppData/Local/Programs/MiKTeX/tex/generic/iftex/ifluatex.sty
Package: ifluatex 2019/10/25 v1.5 ifluatex legacy package. Use iftex instead.
))
(C:/Users/harry/AppData/Local/Programs/MiKTeX/tex/latex/tcolorbox/tcbhooks.code
.tex
Library (tcolorbox): 'tcbhooks.code.tex' version '5.1.1'
)
(C:/Users/harry/AppData/Local/Programs/MiKTeX/tex/latex/tcolorbox/tcbtheorems.c
ode.tex
Library (tcolorbox): 'tcbtheorems.code.tex' version '5.1.1'
)
(C:/Users/harry/AppData/Local/Programs/MiKTeX/tex/latex/tcolorbox/tcbfitting.co
de.tex
Library (tcolorbox): 'tcbfitting.code.tex' version '5.1.1'
\tcbfitdim=\dimen286
\tcb@lowerfitdim=\dimen287
\tcb@upperfitdim=\dimen288
\tcb@cur@hbadness=\count327
)
(C:/Users/harry/AppData/Local/Programs/MiKTeX/tex/latex/tcolorbox/tcblistingsut
f8.code.tex
Library (tcolorbox): 'tcblistingsutf8.code.tex' version '5.1.1'

(C:/Users/harry/AppData/Local/Programs/MiKTeX/tex/latex/tcolorbox/tcblistings.c
ode.tex
Library (tcolorbox): 'tcblistings.code.tex' version '5.1.1'
(C:/Users/harry/AppData/Local/Programs/MiKTeX/tex/latex/listings/listings.sty
\lst@mode=\count328
\lst@gtempboxa=\box81
\lst@token=\toks50
\lst@length=\count329
\lst@currlwidth=\dimen289
\lst@column=\count330
\lst@pos=\count331
\lst@lostspace=\dimen290
\lst@width=\dimen291
\lst@newlines=\count332
\lst@lineno=\count333
\lst@maxwidth=\dimen292

(C:/Users/harry/AppData/Local/Programs/MiKTeX/tex/latex/listings/lstmisc.sty
File: lstmisc.sty 2020/03/24 1.8d (Carsten Heinz)
\c@lstnumber=\count334
\lst@skipnumbers=\count335
\lst@framebox=\box82
)
(C:/Users/harry/AppData/Local/Programs/MiKTeX/tex/latex/listings/listings.cfg
File: listings.cfg 2020/03/24 1.8d listings configuration
))
Package: listings 2020/03/24 1.8d (Carsten Heinz)

(C:/Users/harry/AppData/Local/Programs/MiKTeX/tex/latex/tcolorbox/tcblistingsco
re.code.tex
Library (tcolorbox): 'tcblistingscore.code.tex' version '5.1.1'

(C:/Users/harry/AppData/Local/Programs/MiKTeX/tex/latex/tcolorbox/tcbprocessing
.code.tex
Library (tcolorbox): 'tcbprocessing.code.tex' version '5.1.1'
(C:/Users/harry/AppData/Local/Programs/MiKTeX/tex/latex/tools/shellesc.sty
Package: shellesc 2019/11/08 v1.0c unified shell escape interface for LaTeX
Package shellesc Info: Restricted shell escape enabled on input line 77.
))
\c@tcblisting=\count336
))
Package tcolorbox Info: Library `listingsutf8' is compatible with pdftex only. 
Library `listings` is loaded instead. on input line 29.
)
(C:/Users/harry/AppData/Local/Programs/MiKTeX/tex/latex/tcolorbox/tcbexternal.c
ode.tex
Library (tcolorbox): 'tcbexternal.code.tex' version '5.1.1'
)
(C:/Users/harry/AppData/Local/Programs/MiKTeX/tex/latex/tcolorbox/tcbmagazine.c
ode.tex
Library (tcolorbox): 'tcbmagazine.code.tex' version '5.1.1'
)
(C:/Users/harry/AppData/Local/Programs/MiKTeX/tex/latex/tcolorbox/tcbvignette.c
ode.tex
Library (tcolorbox): 'tcbvignette.code.tex' version '5.1.1'

(C:/Users/harry/AppData/Local/Programs/MiKTeX/tex/generic/pgf/frontendlayer/tik
z/libraries/tikzlibraryfadings.code.tex
File: tikzlibraryfadings.code.tex 2023-01-15 v3.1.10 (3.1.10)

(C:/Users/harry/AppData/Local/Programs/MiKTeX/tex/generic/pgf/libraries/pgflibr
aryfadings.code.tex
File: pgflibraryfadings.code.tex 2023-01-15 v3.1.10 (3.1.10)
)))
(C:/Users/harry/AppData/Local/Programs/MiKTeX/tex/latex/tcolorbox/tcbposter.cod
e.tex
Library (tcolorbox): 'tcbposter.code.tex' version '5.1.1'
))
(C:/Users/harry/AppData/Local/Programs/MiKTeX/tex/latex/varwidth/varwidth.sty
Package: varwidth 2009/03/30 ver 0.92;  Variable-width minipages
\@vwid@box=\box83
\sift@deathcycles=\count337
\@vwid@loff=\dimen293
\@vwid@roff=\dimen294
)
(C:/Users/harry/AppData/Local/Programs/MiKTeX/tex/latex/tools/multicol.sty
Package: multicol 2021/11/30 v1.9d multicolumn formatting (FMi)
\c@tracingmulticols=\count338
\mult@box=\box84
\multicol@leftmargin=\dimen295
\c@unbalance=\count339
\c@collectmore=\count340
\doublecol@number=\count341
\multicoltolerance=\count342
\multicolpretolerance=\count343
\full@width=\dimen296
\page@free=\dimen297
\premulticols=\dimen298
\postmulticols=\dimen299
\multicolsep=\skip63
\multicolbaselineskip=\skip64
\partial@page=\box85
\last@line=\box86
\maxbalancingoverflow=\dimen300
\mult@rightbox=\box87
\mult@grightbox=\box88
\mult@firstbox=\box89
\mult@gfirstbox=\box90
\@tempa=\box91
\@tempa=\box92
\@tempa=\box93
\@tempa=\box94
\@tempa=\box95
\@tempa=\box96
\@tempa=\box97
\@tempa=\box98
\@tempa=\box99
\@tempa=\box100
\@tempa=\box101
\@tempa=\box102
\@tempa=\box103
\@tempa=\box104
\@tempa=\box105
\@tempa=\box106
\@tempa=\box107
\@tempa=\box108
\@tempa=\box109
\@tempa=\box110
\@tempa=\box111
\@tempa=\box112
\@tempa=\box113
\@tempa=\box114
\@tempa=\box115
\@tempa=\box116
\@tempa=\box117
\@tempa=\box118
\@tempa=\box119
\@tempa=\box120
\@tempa=\box121
\@tempa=\box122
\@tempa=\box123
\@tempa=\box124
\@tempa=\box125
\@tempa=\box126
\c@minrows=\count344
\c@columnbadness=\count345
\c@finalcolumnbadness=\count346
\last@try=\dimen301
\multicolovershoot=\dimen302
\multicolundershoot=\dimen303
\mult@nat@firstbox=\box127
\colbreak@box=\box128
\mc@col@check@num=\count347
)
(C:/Users/harry/AppData/Local/Programs/MiKTeX/tex/latex/tools/array.sty
Package: array 2022/03/10 v2.5f Tabular extension package (FMi)
\col@sep=\dimen304
\ar@mcellbox=\box129
\extrarowheight=\dimen305
\NC@list=\toks51
\extratabsurround=\skip65
\backup@length=\skip66
\ar@cellbox=\box130
)
(C:/Users/harry/AppData/Local/Programs/MiKTeX/tex/latex/tikz-cd/tikz-cd.sty
Package: tikz-cd 2021/05/04 v1.0 Commutative diagrams with TikZ

(C:/Users/harry/AppData/Local/Programs/MiKTeX/tex/latex/tikz-cd/tikzlibrarycd.c
ode.tex
(C:/Users/harry/AppData/Local/Programs/MiKTeX/tex/generic/pgf/frontendlayer/tik
z/libraries/tikzlibrarymatrix.code.tex
File: tikzlibrarymatrix.code.tex 2023-01-15 v3.1.10 (3.1.10)
)
(C:/Users/harry/AppData/Local/Programs/MiKTeX/tex/generic/pgf/frontendlayer/tik
z/libraries/tikzlibraryquotes.code.tex
File: tikzlibraryquotes.code.tex 2023-01-15 v3.1.10 (3.1.10)
)
(C:/Users/harry/AppData/Local/Programs/MiKTeX/tex/generic/pgf/libraries/pgflibr
aryarrows.meta.code.tex
File: pgflibraryarrows.meta.code.tex 2023-01-15 v3.1.10 (3.1.10)
\pgfarrowinset=\dimen306
\pgfarrowlength=\dimen307
\pgfarrowwidth=\dimen308
\pgfarrowlinewidth=\dimen309
)))
(C:/Users/harry/AppData/Local/Programs/MiKTeX/tex/latex/algorithm2e/algorithm2e
.sty
Package: algorithm2e 2017/07/18 v5.2 algorithms environments
\c@AlgoLine=\count348
 (C:/Users/harry/AppData/Local/Programs/MiKTeX/tex/latex/base/ifthen.sty
Package: ifthen 2022/04/13 v1.1d Standard LaTeX ifthen package (DPC)
)
\algocf@hangindent=\skip67

(C:/Users/harry/AppData/Local/Programs/MiKTeX/tex/latex/ifoddpage/ifoddpage.sty
Package: ifoddpage 2022/10/18 v1.2 Conditionals for odd/even page detection
\c@checkoddpage=\count349
) (C:/Users/harry/AppData/Local/Programs/MiKTeX/tex/latex/tools/xspace.sty
Package: xspace 2014/10/28 v1.13 Space after command names (DPC,MH)
)
(C:/Users/harry/AppData/Local/Programs/MiKTeX/tex/latex/relsize/relsize.sty
Package: relsize 2013/03/29 ver 4.1
)
\skiptotal=\skip68
\skiplinenumber=\skip69
\skiprule=\skip70
\skiphlne=\skip71
\skiptext=\skip72
\skiplength=\skip73
\algomargin=\skip74
\skipalgocfslide=\skip75
\algowidth=\dimen310
\inoutsize=\dimen311
\inoutindent=\dimen312
\interspacetitleruled=\dimen313
\interspacealgoruled=\dimen314
\interspacetitleboxruled=\dimen315
\algocf@ruledwidth=\skip76
\algocf@inoutbox=\box131
\algocf@inputbox=\box132
\AlCapSkip=\skip77
\AlCapHSkip=\skip78
\algoskipindent=\skip79
\algocf@nlbox=\box133
\algocf@hangingbox=\box134
\algocf@untilbox=\box135
\algocf@skipuntil=\skip80
\algocf@capbox=\box136
\algocf@lcaptionbox=\skip81
\algoheightruledefault=\skip82
\algoheightrule=\skip83
\algotitleheightruledefault=\skip84
\algotitleheightrule=\skip85
\c@algocfline=\count350
\c@algocfproc=\count351
\c@algocf=\count352
\algocf@algoframe=\box137
\algocf@algobox=\box138
)
(C:/Users/harry/AppData/Local/Programs/MiKTeX/tex/latex/comment/comment.sty
\CommentStream=\write4

Excluding comment 'comment')
(C:/Users/harry/AppData/Local/Programs/MiKTeX/tex/latex/import/import.sty
Package: import 2020/04/01  v 6.2
)
(C:/Users/harry/AppData/Local/Programs/MiKTeX/tex/latex/xifthen/xifthen.sty
Package: xifthen 2015/11/05 v1.4.0 Extended ifthen features

(C:/Users/harry/AppData/Local/Programs/MiKTeX/tex/latex/ifmtarg/ifmtarg.sty
Package: ifmtarg 2018/04/16 v1.2b check for an empty argument
))
(C:/Users/harry/AppData/Local/Programs/MiKTeX/tex/latex/pdfpages/pdfpages.sty
Package: pdfpages 2022/12/19 v0.5x Insert pages of external PDF documents (AM)

(C:/Users/harry/AppData/Local/Programs/MiKTeX/tex/latex/eso-pic/eso-pic.sty
Package: eso-pic 2020/10/14 v3.0a eso-pic (RN)
\ESO@tempdima=\dimen316
\ESO@tempdimb=\dimen317
)
\AM@pagewidth=\dimen318
\AM@pageheight=\dimen319
\AM@fboxrule=\dimen320

(C:/Users/harry/AppData/Local/Programs/MiKTeX/tex/latex/pdfpages/ppluatex.def
File: ppluatex.def 2022/12/19 v0.5x Pdfpages driver for LuaTeX (AM)
)
\pdfpages@includegraphics@status=\count353
\AM@pagebox=\box139
\AM@global@opts=\toks52
\AM@pagecnt=\count354
\AM@toc@title=\toks53
\AM@lof@heading=\toks54
\c@AM@survey=\count355
\AM@templatesizebox=\box140
)
(C:/Users/harry/AppData/Local/Programs/MiKTeX/tex/latex/transparent/transparent
.sty
Package: transparent 2022-10-27 v1.5 Transparency with color stacks

(C:/Users/harry/AppData/Local/Programs/MiKTeX/tex/latex/transparent/transparent
-nometadata.sty
Package: transparent-nometadata 2022-10-27 v1.5 Transparency via pdfTeX's color
 stack (HO)
))
(C:/Users/harry/AppData/Local/Programs/MiKTeX/tex/latex/tikzsymbols/tikzsymbols
.sty
Package: tikzsymbols 2021/12/14 v4.12a Some symbols created using tikz and LaTe
X3.

(C:/Users/harry/AppData/Local/Programs/MiKTeX/tex/generic/pgf/frontendlayer/tik
z/libraries/tikzlibraryarrows.code.tex
File: tikzlibraryarrows.code.tex 2023-01-15 v3.1.10 (3.1.10)

(C:/Users/harry/AppData/Local/Programs/MiKTeX/tex/generic/pgf/libraries/pgflibr
aryarrows.code.tex
File: pgflibraryarrows.code.tex 2023-01-15 v3.1.10 (3.1.10)
\arrowsize=\dimen321
))
(C:/Users/harry/AppData/Local/Programs/MiKTeX/tex/generic/pgf/frontendlayer/tik
z/libraries/tikzlibrarydecorations.pathmorphing.code.tex
(C:/Users/harry/AppData/Local/Programs/MiKTeX/tex/generic/pgf/frontendlayer/tik
z/libraries/tikzlibrarydecorations.code.tex
(C:/Users/harry/AppData/Local/Programs/MiKTeX/tex/generic/pgf/modules/pgfmodule
decorations.code.tex
\pgfdecoratedcompleteddistance=\dimen322
\pgfdecoratedremainingdistance=\dimen323
\pgfdecoratedinputsegmentcompleteddistance=\dimen324
\pgfdecoratedinputsegmentremainingdistance=\dimen325
\pgf@decorate@distancetomove=\dimen326
\pgf@decorate@repeatstate=\count356
\pgfdecorationsegmentamplitude=\dimen327
\pgfdecorationsegmentlength=\dimen328
)
\tikz@lib@dec@box=\box141
)
(C:/Users/harry/AppData/Local/Programs/MiKTeX/tex/generic/pgf/libraries/decorat
ions/pgflibrarydecorations.pathmorphing.code.tex))
(C:/Users/harry/AppData/Local/Programs/MiKTeX/tex/generic/pgf/frontendlayer/tik
z/libraries/tikzlibrarytrees.code.tex
File: tikzlibrarytrees.code.tex 2023-01-15 v3.1.10 (3.1.10)
)
\l__tikzsymbols_Moai_thickness_dim=\dimen329
\l__tikzsymbols_Kochtopf_nr_arguments_int=\count357
\l__tikzsymbols_Bratpfanne_nr_arguments_int=\count358
\l__tikzsymbols_Schneebesen_nr_arguments_int=\count359
\l__tikzsymbols_Sieb_nr_arguments_int=\count360
\l__tikzsymbols_Purierstab_nr_arguments_int=\count361
\l__tikzsymbols_Dreizack_nr_arguments_int=\count362
\l__tikzsymbols_Backblech_nr_arguments_int=\count363
\l__tikzsymbols_Ofen_nr_arguments_int=\count364
\l__tikzsymbols_Pfanne_nr_arguments_int=\count365
\l__tikzsymbols_Herd_nr_arguments_int=\count366
\l__tikzsymbols_Saftpresse_nr_arguments_int=\count367
\l__tikzsymbols_Schussel_nr_arguments_int=\count368
\l__tikzsymbols_Schaler_nr_arguments_int=\count369
\l__tikzsymbols_Reibe_nr_arguments_int=\count370
\l__tikzsymbols_Flasche_nr_arguments_int=\count371
\l__tikzsymbols_Nudelholz_nr_arguments_int=\count372
\l__tikzsymbols_Knoblauchpresse_nr_arguments_int=\count373
\l__tikzsymbols_Sadey_nr_arguments_int=\count374
\l__tikzsymbols_dSadey_nr_arguments_int=\count375
\l__tikzsymbols_Changey_nr_arguments_int=\count376
\l__tikzsymbols_dChangey_nr_arguments_int=\count377
\l__tikzsymbols_cChangey_nr_arguments_int=\count378
\l__tikzsymbols_dcChangey_nr_arguments_int=\count379
\l__tikzsymbols_Annoey_nr_arguments_int=\count380
\l__tikzsymbols_dAnnoey_nr_arguments_int=\count381
\l__tikzsymbols_Smiley_nr_arguments_int=\count382
\l__tikzsymbols_dSmiley_nr_arguments_int=\count383
\l__tikzsymbols_Laughey_nr_arguments_int=\count384
\l__tikzsymbols_dLaughey_nr_arguments_int=\count385
\l__tikzsymbols_Neutrey_nr_arguments_int=\count386
\l__tikzsymbols_dNeutrey_nr_arguments_int=\count387
\l__tikzsymbols_Winkey_nr_arguments_int=\count388
\l__tikzsymbols_oldWinkey_nr_arguments_int=\count389
\l__tikzsymbols_dWinkey_nr_arguments_int=\count390
\l__tikzsymbols_olddWinkey_nr_arguments_int=\count391
\l__tikzsymbols_Sey_nr_arguments_int=\count392
\l__tikzsymbols_dSey_nr_arguments_int=\count393
\l__tikzsymbols_Xey_nr_arguments_int=\count394
\l__tikzsymbols_dXey_nr_arguments_int=\count395
\l__tikzsymbols_Innocey_nr_arguments_int=\count396
\l__tikzsymbols_wInnocey_nr_arguments_int=\count397
\l__tikzsymbols_dInnocey_nr_arguments_int=\count398
\l__tikzsymbols_Cooley_nr_arguments_int=\count399
\l__tikzsymbols_dCooley_nr_arguments_int=\count400
\l__tikzsymbols_Tongey_nr_arguments_int=\count401
\l__tikzsymbols_dTongey_nr_arguments_int=\count402
\l__tikzsymbols_Nursey_nr_arguments_int=\count403
\l__tikzsymbols_dNursey_nr_arguments_int=\count404
\l__tikzsymbols_Vomey_nr_arguments_int=\count405
\l__tikzsymbols_dVomey_nr_arguments_int=\count406
\l__tikzsymbols_Walley_nr_arguments_int=\count407
\l__tikzsymbols_rWalley_nr_arguments_int=\count408
\l__tikzsymbols_dWalley_nr_arguments_int=\count409
\l__tikzsymbols_drWalley_nr_arguments_int=\count410
\l__tikzsymbols_Cat_nr_arguments_int=\count411
\l__tikzsymbols_SchrodingersCat_nr_arguments_int=\count412
\l__tikzsymbols_Ninja_nr_arguments_int=\count413
\l__tikzsymbols_dNinja_nr_arguments_int=\count414
\l__tikzsymbols_Sleepey_nr_arguments_int=\count415
\l__tikzsymbols_dSleepey_nr_arguments_int=\count416
\l__tikzsymbols_Maskey_nr_arguments_int=\count417
\l__tikzsymbols_NiceReapey_nr_arguments_int=\count418
\l__tikzsymbols_Strichmaxerl_nr_arguments_int=\count419
\l__tikzsymbols_Person_nr_arguments_int=\count420
\l__tikzsymbols_Heart_nr_arguments_int=\count421
\l__tikzsymbols_dHeart_nr_arguments_int=\count422
\l__tikzsymbols_HeartBroken_nr_arguments_int=\count423
\l__tikzsymbols_Candle_nr_arguments_int=\count424
\l__tikzsymbols_Fire_nr_arguments_int=\count425
\l__tikzsymbols_Coffeecup_nr_arguments_int=\count426
\l__tikzsymbols_Chair_nr_arguments_int=\count427
\l__tikzsymbols_Bed_nr_arguments_int=\count428
\l__tikzsymbols_Tribar_nr_arguments_int=\count429
\l__tikzsymbols_Moai_nr_arguments_int=\count430
\l__tikzsymbols_Snowman_nr_arguments_int=\count431
\l__tikzsymbols_BasicTree_nr_arguments_int=\count432
\l__tikzsymbols_WorstTree_nr_arguments_int=\count433
\l__tikzsymbols_Springtree_nr_arguments_int=\count434
\l__tikzsymbols_Summertree_nr_arguments_int=\count435
\l__tikzsymbols_Autumntree_nr_arguments_int=\count436
\l__tikzsymbols_Wintertree_nr_arguments_int=\count437
)
\c@tcb@cnt@Theorem=\count438
\c@tcb@cnt@theorem=\count439
\c@tcb@cnt@Corollary=\count440
\c@tcb@cnt@corollary=\count441
\c@tcb@cnt@Lemma=\count442
\c@tcb@cnt@lemma=\count443
\c@tcb@cnt@Prop=\count444
\c@tcb@cnt@prop=\count445
\c@tcb@cnt@claim=\count446
\c@tcb@cnt@Exercise=\count447
\c@tcb@cnt@exercise=\count448
\c@tcb@cnt@Example=\count449
\c@tcb@cnt@example=\count450
\c@tcb@cnt@Definition=\count451
\c@tcb@cnt@definition=\count452
\c@tcb@cnt@question=\count453
\c@tcb@cnt@qstion=\count454
\c@tcb@cnt@wconc=\count455

(C:/Users/harry/AppData/Local/Programs/MiKTeX/tex/generic/pgf/frontendlayer/tik
z/libraries/tikzlibrarycalc.code.tex
File: tikzlibrarycalc.code.tex 2023-01-15 v3.1.10 (3.1.10)
)
(C:/Users/harry/AppData/Local/Programs/MiKTeX/tex/latex/pgf-blur/tikzlibrarysha
dows.blur.code.tex  v1.02, 2012/12/09
(C:/Users/harry/AppData/Local/Programs/MiKTeX/tex/generic/pgf/frontendlayer/tik
z/libraries/tikzlibraryshadows.code.tex
File: tikzlibraryshadows.code.tex 2023-01-15 v3.1.10 (3.1.10)
)
\pgfbs@fading@count=\count456
)
\c@mylabelcounter=\count457
\diffdbox=\box142

(C:/Users/harry/AppData/Local/Programs/MiKTeX/tex/latex/titlesec/titletoc.sty
Package: titletoc 2021/07/05 v2.14 TOC entries
\ttl@leftsep=\dimen330
)) (./macros.tex) (./letterfonts.tex) ("./Week 5.aux")
\openout1 = Week 5.aux

LaTeX Font Info:    Checking defaults for OML/npxmi/m/it on input line 7.
LaTeX Font Info:    Trying to load font information for OML+npxmi on input line
 7.

(C:/Users/harry/AppData/Local/Programs/MiKTeX/tex/latex/newpx/omlnpxmi.fd
File: omlnpxmi.fd 2013/03/21 Fontinst v1.933 font definitions for OML/npxmi.
)
LaTeX Font Info:    ... okay on input line 7.
LaTeX Font Info:    Checking defaults for OMS/cmsy/m/n on input line 7.
LaTeX Font Info:    ... okay on input line 7.
LaTeX Font Info:    Checking defaults for OT1/cmr/m/n on input line 7.
LaTeX Font Info:    ... okay on input line 7.
LaTeX Font Info:    Checking defaults for T1/cmr/m/n on input line 7.
LaTeX Font Info:    ... okay on input line 7.
LaTeX Font Info:    Checking defaults for TS1/cmr/m/n on input line 7.
LaTeX Font Info:    Trying to load font information for TS1+cmr on input line 7
.

(C:/Users/harry/AppData/Local/Programs/MiKTeX/tex/latex/base/ts1cmr.fd
File: ts1cmr.fd 2022/07/10 v2.5l Standard LaTeX font definitions
)
LaTeX Font Info:    ... okay on input line 7.
LaTeX Font Info:    Checking defaults for TU/lmr/m/n on input line 7.
LaTeX Font Info:    ... okay on input line 7.
LaTeX Font Info:    Checking defaults for OMX/cmex/m/n on input line 7.
LaTeX Font Info:    ... okay on input line 7.
LaTeX Font Info:    Checking defaults for U/npxexa/m/n on input line 7.
LaTeX Font Info:    Trying to load font information for U+npxexa on input line 
7.

(C:/Users/harry/AppData/Local/Programs/MiKTeX/tex/latex/newpx/unpxexa.fd
File: unpxexa.fd 2013/03/24 Fontinst v1.933 font definitions for U/npxexa.
)
LaTeX Font Info:    ... okay on input line 7.
LaTeX Font Info:    Checking defaults for LMS/npxsy/m/n on input line 7.
LaTeX Font Info:    Trying to load font information for LMS+npxsy on input line
 7.

(C:/Users/harry/AppData/Local/Programs/MiKTeX/tex/latex/newpx/lmsnpxsy.fd
File: lmsnpxsy.fd 2016/07/04 Fontinst v1.933 font definitions for LMS/npxsy.
)
LaTeX Font Info:    ... okay on input line 7.
LaTeX Font Info:    Checking defaults for LMX/npxexx/m/n on input line 7.
LaTeX Font Info:    Trying to load font information for LMX+npxexx on input lin
e 7.

(C:/Users/harry/AppData/Local/Programs/MiKTeX/tex/latex/newpx/lmxnpxexx.fd
File: lmxnpxexx.fd 2016/07/04 Fontinst v1.933 font definitions for LMX/npxexx.
)
LaTeX Font Info:    ... okay on input line 7.
LaTeX Font Info:    Checking defaults for PD1/pdf/m/n on input line 7.
LaTeX Font Info:    ... okay on input line 7.
LaTeX Font Info:    Checking defaults for PU/pdf/m/n on input line 7.
LaTeX Font Info:    ... okay on input line 7.

*geometry* driver: auto-detecting
*geometry* detected driver: luatex
*geometry* verbose mode - [ preamble ] result:
* driver: luatex
* paper: <default>
* layout: <same size as paper>
* layoutoffset:(h,v)=(0.0pt,0.0pt)
* modes: 
* h-part:(L,W,R)=(61.42993pt, 491.43513pt, 61.42993pt)
* v-part:(T,H,B)=(61.42993pt, 676.63455pt, 56.9055pt)
* \paperwidth=614.295pt
* \paperheight=794.96999pt
* \textwidth=491.43513pt
* \textheight=676.63455pt
* \oddsidemargin=-10.84006pt
* \evensidemargin=-10.84006pt
* \topmargin=-47.84006pt
* \headheight=12.0pt
* \headsep=25.0pt
* \topskip=10.0pt
* \footskip=14.45377pt
* \marginparwidth=65.0pt
* \marginparsep=11.0pt
* \columnsep=10.0pt
* \skip\footins=9.0pt plus 4.0pt minus 2.0pt
* \hoffset=0.0pt
* \voffset=0.0pt
* \mag=1000
* \@twocolumnfalse
* \@twosidefalse
* \@mparswitchfalse
* \@reversemarginfalse
* (1in=72.27pt=25.4mm, 1cm=28.453pt)

LaTeX Info: Command `\dddot' is already robust on input line 7.
LaTeX Info: Command `\ddddot' is already robust on input line 7.

(C:/Users/harry/AppData/Local/Programs/MiKTeX/tex/context/base/mkii/supp-pdf.mk
ii
[Loading MPS to PDF converter (version 2006.09.02).]
\scratchcounter=\count458
\scratchdimen=\dimen331
\scratchbox=\box143
\nofMPsegments=\count459
\nofMParguments=\count460
\everyMPshowfont=\toks55
\MPscratchCnt=\count461
\MPscratchDim=\dimen332
\MPnumerator=\count462
\makeMPintoPDFobject=\count463
\everyMPtoPDFconversion=\toks56
)
(C:/Users/harry/AppData/Local/Programs/MiKTeX/tex/latex/epstopdf-pkg/epstopdf-b
ase.sty
Package: epstopdf-base 2020-01-24 v2.11 Base part for package epstopdf
Package epstopdf-base Info: Redefining graphics rule for `.eps' on input line 4
85.

(C:/Users/harry/AppData/Local/Programs/MiKTeX/tex/latex/00miktex/epstopdf-sys.c
fg
File: epstopdf-sys.cfg 2021/03/18 v2.0 Configuration of epstopdf for MiKTeX
))
Package hyperref Info: Link coloring ON on input line 7.
\c@lstlisting=\count464

(C:/Users/harry/AppData/Local/Programs/MiKTeX/tex/latex/pdflscape/pdflscape.sty
Package: pdflscape 2022-10-27 v0.13 Display of landscape pages in PDF

(C:/Users/harry/AppData/Local/Programs/MiKTeX/tex/latex/pdflscape/pdflscape-nom
etadata.sty
Package: pdflscape-nometadata 2022-10-28 v0.13 Display of landscape pages in PD
F (HO)

(C:/Users/harry/AppData/Local/Programs/MiKTeX/tex/latex/graphics/lscape.sty
Package: lscape 2020/05/28 v3.02 Landscape Pages (DPC)
)
Package pdflscape Info: Auto-detected driver: pdftex on input line 81.
))
Chapter 5.
LaTeX Font Info:    Trying to load font information for OT1+lmr on input line 1
9.
(C:/Users/harry/AppData/Local/Programs/MiKTeX/tex/latex/lm/ot1lmr.fd
File: ot1lmr.fd 2015/05/01 v1.6.1 Font defs for Latin Modern
)
LaTeX Font Info:    Trying to load font information for U+msa on input line 19.


(C:/Users/harry/AppData/Local/Programs/MiKTeX/tex/latex/amsfonts/umsa.fd
File: umsa.fd 2013/01/14 v3.01 AMS symbols A
)
LaTeX Font Info:    Trying to load font information for U+msb on input line 19.


(C:/Users/harry/AppData/Local/Programs/MiKTeX/tex/latex/amsfonts/umsb.fd
File: umsb.fd 2013/01/14 v3.01 AMS symbols B
)
LaTeX Font Info:    Trying to load font information for U+npxmia on input line 
19.

(C:/Users/harry/AppData/Local/Programs/MiKTeX/tex/latex/newpx/unpxmia.fd
File: unpxmia.fd 2013/03/24 Fontinst v1.933 font definitions for U/npxmia.
)
LaTeX Font Info:    Trying to load font information for U+npxsym on input line 
19.

(C:/Users/harry/AppData/Local/Programs/MiKTeX/tex/latex/newpx/unpxsym.fd
File: unpxsym.fd 2015/03/21 Fontinst v1.933 font definitions for U/npxsym.
)
LaTeX Font Info:    Trying to load font information for U+npxsyc on input line 
19.

(C:/Users/harry/AppData/Local/Programs/MiKTeX/tex/latex/newpx/unpxsyc.fd
File: unpxsyc.fd 2013/03/24 Fontinst v1.933 font definitions for U/npxsyc.
)
[1


{C:/Users/harry/AppData/Local/MiKTeX/fonts/map/pdftex/pdftex.map}] [2]
[3] [4] [5] [6] [7] ("./Week 5.aux"))

Here is how much of LuaTeX's memory you used:
 38318 strings out of 478326
 100000,1977958 words of node,token memory allocated
 1567 words of node memory still in use:
   31 hlist, 2 vlist, 14 rule, 2 glue, 4 kern, 1 glyph, 117 attribute, 79 glue_s
pec, 117 attribute_list, 2 write, 24 pdf_literal, 24 pdf_colorstack nodes
   avail lists: 2:4380,3:2842,4:198,5:499,6:62,7:4646,8:54,9:1324,10:4,11:181
 56832 multiletter control sequences out of 65536+600000
 106 fonts using 7722919 bytes
 96i,12n,98p,971b,1766s stack positions out of 10000i,1000n,20000p,200000b,200000s
<//?/c:/users/harry/appdata/local/programs/miktex/fonts/opentype/public/lm/lmrom
an9-bold.otf><//?/c:/users/harry/appdata/local/programs/miktex/fonts/opentype/pu
blic/lm/lmsans10-regular.otf><//?/c:/users/harry/appdata/local/programs/miktex/f
onts/opentype/public/lm/lmsans10-bold.otf>{C:/Users/harry/AppData/Local/Programs
/MiKTeX/fonts/enc/dvips/lm/lm-rm.enc}<//?/c:/users/harry/appdata/local/programs/
miktex/fonts/opentype/public/lm/lmroman10-italic.otf><//?/c:/users/harry/appdata
/local/programs/miktex/fonts/opentype/public/lm/lmroman10-regular.otf><//?/c:/us
ers/harry/appdata/local/programs/miktex/fonts/opentype/public/lm/lmroman10-bold.
otf><//?/c:/users/harry/appdata/local/programs/miktex/fonts/opentype/public/lm/l
mroman12-bold.otf><C:/Users/harry/AppData/Local/Programs/MiKTeX/fonts/type1/publ
ic/newpx/NewPXMI.pfb><C:/Users/harry/AppData/Local/Programs/MiKTeX/fonts/type1/p
ublic/newpx/NewPXMI_gnu.pfb><C:/Users/harry/AppData/Local/Programs/MiKTeX/fonts/
type1/public/lm/lmr10.pfb><C:/Users/harry/AppData/Local/Programs/MiKTeX/fonts/ty
pe1/public/lm/lmr6.pfb><C:/Users/harry/AppData/Local/Programs/MiKTeX/fonts/type1
/public/lm/lmr7.pfb><C:/Users/harry/AppData/Local/Programs/MiKTeX/fonts/type1/pu
blic/newpx/pxmiaX.pfb><C:/Users/harry/AppData/Local/Programs/MiKTeX/fonts/type1/
public/newpx/pxsys.pfb><C:/Users/harry/AppData/Local/Programs/MiKTeX/fonts/type1
/public/newtx/txexs.pfb><C:/Users/harry/AppData/Local/Programs/MiKTeX/fonts/type
1/public/txfonts/txsya.pfb><C:/Users/harry/AppData/Local/Programs/MiKTeX/fonts/t
ype1/public/txfonts/txsyc.pfb>
Output written on Week 5.pdf (7 pages, 215768 bytes).

PDF statistics: 272 PDF objects out of 1000 (max. 8388607)
 59 named destinations out of 1000 (max. 131072)
 366 words of extra memory for PDF output out of 10000 (max. 100000000)

